#
# A fatal error has been detected by the Java Runtime Environment:
#
#  EXCEPTION_ACCESS_VIOLATION (0xc0000005) at pc=0x00000000686054b2, pid=4708, tid=1704
#
# JRE version: 7.0_21-b11
# Java VM: Java HotSpot(TM) 64-Bit Server VM (23.21-b01 mixed mode windows-amd64 compressed oops)
# Problematic frame:
# V  [jvm.dll+0x254b2]
#
# Failed to write core dump. Minidumps are not enabled by default on client versions of Windows
#
# If you would like to submit a bug report, please visit:
#   http://bugreport.sun.com/bugreport/crash.jsp
#

---------------  T H R E A D  ---------------

Current thread (0x0000000002078000):  GCTaskThread [stack: 0x0000000005c40000,0x0000000005d40000] [id=1704]

siginfo: ExceptionCode=0xc0000005, reading address 0xffffffffffffffff

Registers:
RAX=0x8000000000000000, RBX=0x00000000ecfdffb8, RCX=0x00000000be49dcd8, RDX=0x00000000ecfdffb8
RSP=0x0000000005d3f478, RBP=0x00000000be59f8c0, RSI=0x000000000892f680, RDI=0x000000000206f820
R8 =0x0000000000000001, R9 =0x00000000be49dcd8, R10=0x00000000c382abc8, R11=0x000000000206ef00
R12=0x00000000054e3d13, R13=0x0000000000000031, R14=0x0000000000000000, R15=0x000000000206ed40
RIP=0x00000000686054b2, EFLAGS=0x0000000000010202

Top of Stack: (sp=0x0000000005d3f478)
0x0000000005d3f478:   0000000068943876 00000000ecfdffa8
0x0000000005d3f488:   0000000000000002 000000000892f680
0x0000000005d3f498:   00000000054e3d13 00000000c38287e8
0x0000000005d3f4a8:   0000000068943b0e 00000000c3828bd8
0x0000000005d3f4b8:   0000000000000400 0000000000000000
0x0000000005d3f4c8:   0000000000000000 00000000054e3d13
0x0000000005d3f4d8:   0000000068943c00 00000000c38289fc
0x0000000005d3f4e8:   00000000be59f8c0 000000000892f680
0x0000000005d3f4f8:   000000000206f820 00000000c38289fc
0x0000000005d3f508:   00000000689447c2 00000000be59ee68
0x0000000005d3f518:   00000000be59f8c0 000000000892f680
0x0000000005d3f528:   000000000206f820 000000000892f680
0x0000000005d3f538:   00000000055091fe 0000000000000006
0x0000000005d3f548:   000000006868e3e7 000000000000000c
0x0000000005d3f558:   000000006868e3e7 00000000be59bab8
0x0000000005d3f568:   00000000be59bab8 00000000be4a8de4 

Instructions: (pc=0x00000000686054b2)
0x0000000068605492:   e2 49 8d 0c 11 49 f7 d1 48 03 c1 49 c1 e9 03 48
0x00000000686054a2:   c1 e8 03 41 23 c1 c3 48 8b 02 48 8b d1 49 8b c9
0x00000000686054b2:   48 ff a0 a8 00 00 00 cc cc cc cc cc cc cc 80 3d
0x00000000686054c2:   b1 88 68 00 00 48 8b c1 74 1f 8b 51 08 8b 0d 43 


Register to memory mapping:

RAX=0x8000000000000000 is an unknown value
RBX=0x00000000ecfdffb8 is an oop

[error occurred during error reporting (printing register info), id 0xc0000005]

Stack: [0x0000000005c40000,0x0000000005d40000],  sp=0x0000000005d3f478,  free space=1021k
Native frames: (J=compiled Java code, j=interpreted, Vv=VM code, C=native code)
V  [jvm.dll+0x254b2]


---------------  P R O C E S S  ---------------

Java Threads: ( => current thread )
  0x000000000aba2000 JavaThread "AWT-EventQueue-0" [_thread_blocked, id=440, stack(0x000000000bdc0000,0x000000000bec0000)]
  0x000000000abb6000 JavaThread "AWT-Windows" daemon [_thread_in_native, id=1984, stack(0x000000000b6c0000,0x000000000b7c0000)]
  0x000000000ab80800 JavaThread "AWT-Shutdown" [_thread_blocked, id=2544, stack(0x000000000a290000,0x000000000a390000)]
  0x000000000aa55000 JavaThread "Java2D Disposer" daemon [_thread_blocked, id=2240, stack(0x000000000b5c0000,0x000000000b6c0000)]
  0x00000000089c3000 JavaThread "Service Thread" daemon [_thread_blocked, id=1676, stack(0x000000000a6e0000,0x000000000a7e0000)]
  0x00000000089bc000 JavaThread "C2 CompilerThread1" daemon [_thread_blocked, id=4764, stack(0x000000000a520000,0x000000000a620000)]
  0x00000000089b6000 JavaThread "C2 CompilerThread0" daemon [_thread_blocked, id=4744, stack(0x000000000a3b0000,0x000000000a4b0000)]
  0x00000000089b5000 JavaThread "Attach Listener" daemon [_thread_blocked, id=4508, stack(0x000000000a190000,0x000000000a290000)]
  0x00000000089ad800 JavaThread "Signal Dispatcher" daemon [_thread_blocked, id=4204, stack(0x0000000009ff0000,0x000000000a0f0000)]
  0x0000000002125000 JavaThread "Finalizer" daemon [_thread_blocked, id=2596, stack(0x0000000009e10000,0x0000000009f10000)]
  0x000000000211e000 JavaThread "Reference Handler" daemon [_thread_blocked, id=2144, stack(0x0000000009be0000,0x0000000009ce0000)]
  0x00000000021dc800 JavaThread "main" [_thread_blocked, id=4196, stack(0x0000000002200000,0x0000000002300000)]

Other Threads:
  0x0000000008933800 VMThread [stack: 0x00000000099e0000,0x0000000009ae0000] [id=116]
  0x00000000089dd800 WatcherThread [stack: 0x000000000a820000,0x000000000a920000] [id=828]

=>0x0000000002078000 (exited) GCTaskThread [stack: 0x0000000005c40000,0x0000000005d40000] [id=1704]

VM state:at safepoint (normal execution)

VM Mutex/Monitor currently owned by a thread:  ([mutex/lock_event])
[0x00000000021da800] Threads_lock - owner thread: 0x0000000008933800
[0x00000000021dad00] Heap_lock - owner thread: 0x00000000021dc800

Heap
 PSYoungGen      total 16832K, used 16802K [0x00000000ebcb0000, 0x00000000ed020000, 0x0000000100000000)
  eden space 14848K, 100% used [0x00000000ebcb0000,0x00000000ecb30000,0x00000000ecb30000)
  from space 1984K, 98% used [0x00000000ece30000,0x00000000ed018850,0x00000000ed020000)
  to   space 2368K, 4% used [0x00000000ecb80000,0x00000000ecb98000,0x00000000ecdd0000)
 ParOldGen       total 41344K, used 2266K [0x00000000c3600000, 0x00000000c5e60000, 0x00000000ebcb0000)
  object space 41344K, 5% used [0x00000000c3600000,0x00000000c3836bd8,0x00000000c5e60000)
 PSPermGen       total 21248K, used 7817K [0x00000000be400000, 0x00000000bf8c0000, 0x00000000c3600000)
  object space 21248K, 36% used [0x00000000be400000,0x00000000beba2728,0x00000000bf8c0000)

Card table byte_map: [0x00000000054e0000,0x00000000056f0000] byte_map_base: 0x0000000004eee000

Polling page: 0x0000000000230000

Code Cache  [0x0000000002420000, 0x0000000002690000, 0x0000000005420000)
 total_blobs=490 nmethods=122 adapters=320 free_code_cache=48290Kb largest_free_block=49427712

Compilation events (10 events):
Event: 5.992 Thread 0x00000000089bc000  117             kruskall.Kruskall::getNodes (36 bytes)
Event: 5.996 Thread 0x00000000089bc000 nmethod 117 0x00000000024dae10 code [0x00000000024daf60, 0x00000000024db198]
Event: 6.142 Thread 0x00000000089b6000  118             steiner.Edge::getLength (43 bytes)
Event: 6.143 Thread 0x00000000089b6000 nmethod 118 0x00000000024dab50 code [0x00000000024dac80, 0x00000000024dad18]
Event: 6.491 Thread 0x00000000089b6000  119             java.util.ArrayList::toArray (60 bytes)
Event: 6.496 Thread 0x00000000089b6000 nmethod 119 0x00000000024f5510 code [0x00000000024f5660, 0x00000000024f5ab8]
Event: 6.691 Thread 0x00000000089bc000  120             java.util.ArrayList::grow (45 bytes)
Event: 6.694 Thread 0x00000000089bc000 nmethod 120 0x00000000024f4fd0 code [0x00000000024f5120, 0x00000000024f5368]
Event: 6.842 Thread 0x00000000089b6000  121             java.util.ComparableTimSort::mergeAt (356 bytes)
Event: 6.846 Thread 0x00000000089b6000 nmethod 121 0x00000000024f4690 code [0x00000000024f4820, 0x00000000024f4bd0]

GC Heap History (10 events):
Event: 2.560 GC heap after
Heap after GC invocations=2 (full 0):
 PSYoungGen      total 18112K, used 2306K [0x00000000ebcb0000, 0x00000000ed0e0000, 0x0000000100000000)
  eden space 15552K, 0% used [0x00000000ebcb0000,0x00000000ebcb0000,0x00000000ecbe0000)
  from space 2560K, 90% used [0x00000000ece60000,0x00000000ed0a0850,0x00000000ed0e0000)
  to   space 2560K, 0% used [0x00000000ecbe0000,0x00000000ecbe0000,0x00000000ece60000)
 ParOldGen       total 41344K, used 16K [0x00000000c3600000, 0x00000000c5e60000, 0x00000000ebcb0000)
  object space 41344K, 0% used [0x00000000c3600000,0x00000000c3604000,0x00000000c5e60000)
 PSPermGen       total 21248K, used 7813K [0x00000000be400000, 0x00000000bf8c0000, 0x00000000c3600000)
  object space 21248K, 36% used [0x00000000be400000,0x00000000beba1508,0x00000000bf8c0000)
}
Event: 3.877 GC heap before
{Heap before GC invocations=3 (full 0):
 PSYoungGen      total 18112K, used 17858K [0x00000000ebcb0000, 0x00000000ed0e0000, 0x0000000100000000)
  eden space 15552K, 100% used [0x00000000ebcb0000,0x00000000ecbe0000,0x00000000ecbe0000)
  from space 2560K, 90% used [0x00000000ece60000,0x00000000ed0a0850,0x00000000ed0e0000)
  to   space 2560K, 0% used [0x00000000ecbe0000,0x00000000ecbe0000,0x00000000ece60000)
 ParOldGen       total 41344K, used 16K [0x00000000c3600000, 0x00000000c5e60000, 0x00000000ebcb0000)
  object space 41344K, 0% used [0x00000000c3600000,0x00000000c3604000,0x00000000c5e60000)
 PSPermGen       total 21248K, used 7814K [0x00000000be400000, 0x00000000bf8c0000, 0x00000000c3600000)
  object space 21248K, 36% used [0x00000000be400000,0x00000000beba1a70,0x00000000bf8c0000)
Event: 3.880 GC heap after
Heap after GC invocations=3 (full 0):
 PSYoungGen      total 18112K, used 2338K [0x00000000ebcb0000, 0x00000000ed0e0000, 0x0000000100000000)
  eden space 15552K, 0% used [0x00000000ebcb0000,0x00000000ebcb0000,0x00000000ecbe0000)
  from space 2560K, 91% used [0x00000000ecbe0000,0x00000000ece28850,0x00000000ece60000)
  to   space 2560K, 0% used [0x00000000ece60000,0x00000000ece60000,0x00000000ed0e0000)
 ParOldGen       total 41344K, used 16K [0x00000000c3600000, 0x00000000c5e60000, 0x00000000ebcb0000)
  object space 41344K, 0% used [0x00000000c3600000,0x00000000c3604000,0x00000000c5e60000)
 PSPermGen       total 21248K, used 7814K [0x00000000be400000, 0x00000000bf8c0000, 0x00000000c3600000)
  object space 21248K, 36% used [0x00000000be400000,0x00000000beba1a70,0x00000000bf8c0000)
}
Event: 5.229 GC heap before
{Heap before GC invocations=4 (full 0):
 PSYoungGen      total 18112K, used 17890K [0x00000000ebcb0000, 0x00000000ed0e0000, 0x0000000100000000)
  eden space 15552K, 100% used [0x00000000ebcb0000,0x00000000ecbe0000,0x00000000ecbe0000)
  from space 2560K, 91% used [0x00000000ecbe0000,0x00000000ece28850,0x00000000ece60000)
  to   space 2560K, 0% used [0x00000000ece60000,0x00000000ece60000,0x00000000ed0e0000)
 ParOldGen       total 41344K, used 16K [0x00000000c3600000, 0x00000000c5e60000, 0x00000000ebcb0000)
  object space 41344K, 0% used [0x00000000c3600000,0x00000000c3604000,0x00000000c5e60000)
 PSPermGen       total 21248K, used 7816K [0x00000000be400000, 0x00000000bf8c0000, 0x00000000c3600000)
  object space 21248K, 36% used [0x00000000be400000,0x00000000beba2230,0x00000000bf8c0000)
Event: 5.232 GC heap after
Heap after GC invocations=4 (full 0):
 PSYoungGen      total 18112K, used 2338K [0x00000000ebcb0000, 0x00000000ed0e0000, 0x0000000100000000)
  eden space 15552K, 0% used [0x00000000ebcb0000,0x00000000ebcb0000,0x00000000ecbe0000)
  from space 2560K, 91% used [0x00000000ece60000,0x00000000ed0a8850,0x00000000ed0e0000)
  to   space 2560K, 0% used [0x00000000ecbe0000,0x00000000ecbe0000,0x00000000ece60000)
 ParOldGen       total 41344K, used 16K [0x00000000c3600000, 0x00000000c5e60000, 0x00000000ebcb0000)
  object space 41344K, 0% used [0x00000000c3600000,0x00000000c3604000,0x00000000c5e60000)
 PSPermGen       total 21248K, used 7816K [0x00000000be400000, 0x00000000bf8c0000, 0x00000000c3600000)
  object space 21248K, 36% used [0x00000000be400000,0x00000000beba2230,0x00000000bf8c0000)
}
Event: 6.543 GC heap before
{Heap before GC invocations=5 (full 0):
 PSYoungGen      total 18112K, used 17890K [0x00000000ebcb0000, 0x00000000ed0e0000, 0x0000000100000000)
  eden space 15552K, 100% used [0x00000000ebcb0000,0x00000000ecbe0000,0x00000000ecbe0000)
  from space 2560K, 91% used [0x00000000ece60000,0x00000000ed0a8850,0x00000000ed0e0000)
  to   space 2560K, 0% used [0x00000000ecbe0000,0x00000000ecbe0000,0x00000000ece60000)
 ParOldGen       total 41344K, used 16K [0x00000000c3600000, 0x00000000c5e60000, 0x00000000ebcb0000)
  object space 41344K, 0% used [0x00000000c3600000,0x00000000c3604000,0x00000000c5e60000)
 PSPermGen       total 21248K, used 7817K [0x00000000be400000, 0x00000000bf8c0000, 0x00000000c3600000)
  object space 21248K, 36% used [0x00000000be400000,0x00000000beba24f8,0x00000000bf8c0000)
Event: 6.546 GC heap after
Heap after GC invocations=5 (full 0):
 PSYoungGen      total 17536K, used 2338K [0x00000000ebcb0000, 0x00000000ed020000, 0x0000000100000000)
  eden space 15168K, 0% used [0x00000000ebcb0000,0x00000000ebcb0000,0x00000000ecb80000)
  from space 2368K, 98% used [0x00000000ecbe0000,0x00000000ece28850,0x00000000ece30000)
  to   space 1984K, 0% used [0x00000000ece30000,0x00000000ece30000,0x00000000ed020000)
 ParOldGen       total 41344K, used 16K [0x00000000c3600000, 0x00000000c5e60000, 0x00000000ebcb0000)
  object space 41344K, 0% used [0x00000000c3600000,0x00000000c3604000,0x00000000c5e60000)
 PSPermGen       total 21248K, used 7817K [0x00000000be400000, 0x00000000bf8c0000, 0x00000000c3600000)
  object space 21248K, 36% used [0x00000000be400000,0x00000000beba24f8,0x00000000bf8c0000)
}
Event: 7.843 GC heap before
{Heap before GC invocations=6 (full 0):
 PSYoungGen      total 17536K, used 17506K [0x00000000ebcb0000, 0x00000000ed020000, 0x0000000100000000)
  eden space 15168K, 100% used [0x00000000ebcb0000,0x00000000ecb80000,0x00000000ecb80000)
  from space 2368K, 98% used [0x00000000ecbe0000,0x00000000ece28850,0x00000000ece30000)
  to   space 1984K, 0% used [0x00000000ece30000,0x00000000ece30000,0x00000000ed020000)
 ParOldGen       total 41344K, used 16K [0x00000000c3600000, 0x00000000c5e60000, 0x00000000ebcb0000)
  object space 41344K, 0% used [0x00000000c3600000,0x00000000c3604000,0x00000000c5e60000)
 PSPermGen       total 21248K, used 7817K [0x00000000be400000, 0x00000000bf8c0000, 0x00000000c3600000)
  object space 21248K, 36% used [0x00000000be400000,0x00000000beba24f8,0x00000000bf8c0000)
Event: 7.846 GC heap after
Heap after GC invocations=6 (full 0):
 PSYoungGen      total 16832K, used 1954K [0x00000000ebcb0000, 0x00000000ed020000, 0x0000000100000000)
  eden space 14848K, 0% used [0x00000000ebcb0000,0x00000000ebcb0000,0x00000000ecb30000)
  from space 1984K, 98% used [0x00000000ece30000,0x00000000ed018850,0x00000000ed020000)
  to   space 2368K, 0% used [0x00000000ecb80000,0x00000000ecb80000,0x00000000ecdd0000)
 ParOldGen       total 41344K, used 376K [0x00000000c3600000, 0x00000000c5e60000, 0x00000000ebcb0000)
  object space 41344K, 0% used [0x00000000c3600000,0x00000000c365e000,0x00000000c5e60000)
 PSPermGen       total 21248K, used 7817K [0x00000000be400000, 0x00000000bf8c0000, 0x00000000c3600000)
  object space 21248K, 36% used [0x00000000be400000,0x00000000beba24f8,0x00000000bf8c0000)
}
Event: 9.141 GC heap before
{Heap before GC invocations=7 (full 0):
 PSYoungGen      total 16832K, used 16802K [0x00000000ebcb0000, 0x00000000ed020000, 0x0000000100000000)
  eden space 14848K, 100% used [0x00000000ebcb0000,0x00000000ecb30000,0x00000000ecb30000)
  from space 1984K, 98% used [0x00000000ece30000,0x00000000ed018850,0x00000000ed020000)
  to   space 2368K, 0% used [0x00000000ecb80000,0x00000000ecb80000,0x00000000ecdd0000)
 ParOldGen       total 41344K, used 376K [0x00000000c3600000, 0x00000000c5e60000, 0x00000000ebcb0000)
  object space 41344K, 0% used [0x00000000c3600000,0x00000000c365e000,0x00000000c5e60000)
 PSPermGen       total 21248K, used 7817K [0x00000000be400000, 0x00000000bf8c0000, 0x00000000c3600000)
  object space 21248K, 36% used [0x00000000be400000,0x00000000beba2728,0x00000000bf8c0000)

Deoptimization events (10 events):
Event: 0.744 Thread 0x00000000021dc800 Uncommon trap -42 fr.pc 0x00000000024d1f7c
Event: 0.744 Thread 0x00000000021dc800 Uncommon trap -42 fr.pc 0x00000000024d79a0
Event: 0.745 Thread 0x00000000021dc800 Uncommon trap -42 fr.pc 0x00000000024d79a0
Event: 0.797 Thread 0x00000000021dc800 Uncommon trap -122 fr.pc 0x00000000024aebe4
Event: 0.900 Thread 0x00000000021dc800 Uncommon trap -42 fr.pc 0x00000000024ac9d4
Event: 0.901 Thread 0x00000000021dc800 Uncommon trap -42 fr.pc 0x00000000024ac9d4
Event: 0.901 Thread 0x00000000021dc800 Uncommon trap -42 fr.pc 0x00000000024ac9d4
Event: 0.901 Thread 0x00000000021dc800 Uncommon trap -42 fr.pc 0x00000000024ac9d4
Event: 1.061 Thread 0x00000000021dc800 Uncommon trap -42 fr.pc 0x00000000024c7b54
Event: 1.062 Thread 0x00000000021dc800 Uncommon trap -42 fr.pc 0x00000000024c7b54

Internal exceptions (10 events):
Event: 0.257 Thread 0x00000000021dc800 Threw 0x00000000ebf31a40 at C:\jdk7u2_64p\jdk7u21\hotspot\src\share\vm\prims\jvm.cpp:1166
Event: 0.257 Thread 0x00000000021dc800 Threw 0x00000000ebf32948 at C:\jdk7u2_64p\jdk7u21\hotspot\src\share\vm\prims\jvm.cpp:1166
Event: 0.258 Thread 0x00000000021dc800 Threw 0x00000000ebf369c0 at C:\jdk7u2_64p\jdk7u21\hotspot\src\share\vm\prims\jvm.cpp:1166
Event: 0.258 Thread 0x00000000021dc800 Threw 0x00000000ebf37870 at C:\jdk7u2_64p\jdk7u21\hotspot\src\share\vm\prims\jvm.cpp:1166
Event: 0.259 Thread 0x00000000021dc800 Threw 0x00000000ebf390a0 at C:\jdk7u2_64p\jdk7u21\hotspot\src\share\vm\prims\jvm.cpp:1166
Event: 0.259 Thread 0x00000000021dc800 Threw 0x00000000ebf39fa8 at C:\jdk7u2_64p\jdk7u21\hotspot\src\share\vm\prims\jvm.cpp:1166
Event: 0.271 Thread 0x00000000021dc800 Threw 0x00000000ebf57de0 at C:\jdk7u2_64p\jdk7u21\hotspot\src\share\vm\prims\jvm.cpp:1166
Event: 0.272 Thread 0x00000000021dc800 Threw 0x00000000ebf592c0 at C:\jdk7u2_64p\jdk7u21\hotspot\src\share\vm\prims\jvm.cpp:1166
Event: 0.368 Thread 0x000000000aba2000 Threw 0x00000000ebf87178 at C:\jdk7u2_64p\jdk7u21\hotspot\src\share\vm\prims\jvm.cpp:1166
Event: 0.368 Thread 0x000000000aba2000 Threw 0x00000000ebf89228 at C:\jdk7u2_64p\jdk7u21\hotspot\src\share\vm\prims\jvm.cpp:1166

Events (10 events):
Event: 3.880 Executing VM operation: ParallelGCFailedAllocation done
Event: 4.081 Executing VM operation: EnableBiasedLocking
Event: 4.081 Executing VM operation: EnableBiasedLocking done
Event: 5.229 Executing VM operation: ParallelGCFailedAllocation
Event: 5.232 Executing VM operation: ParallelGCFailedAllocation done
Event: 6.543 Executing VM operation: ParallelGCFailedAllocation
Event: 6.546 Executing VM operation: ParallelGCFailedAllocation done
Event: 7.843 Executing VM operation: ParallelGCFailedAllocation
Event: 7.846 Executing VM operation: ParallelGCFailedAllocation done
Event: 9.141 Executing VM operation: ParallelGCFailedAllocation


Dynamic libraries:
0x000000013f380000 - 0x000000013f3b3000 	C:\Program Files\Java\jre7\bin\javaw.exe
0x00000000776e0000 - 0x0000000077889000 	C:\Windows\SYSTEM32\ntdll.dll
0x0000000077370000 - 0x000000007748f000 	C:\Windows\system32\kernel32.dll
0x000007fefdc50000 - 0x000007fefdcbb000 	C:\Windows\system32\KERNELBASE.dll
0x000007feff180000 - 0x000007feff25b000 	C:\Windows\system32\ADVAPI32.dll
0x000007feff040000 - 0x000007feff0df000 	C:\Windows\system32\msvcrt.dll
0x000007feff260000 - 0x000007feff27f000 	C:\Windows\SYSTEM32\sechost.dll
0x000007fefee40000 - 0x000007fefef6d000 	C:\Windows\system32\RPCRT4.dll
0x00000000775e0000 - 0x00000000776da000 	C:\Windows\system32\USER32.dll
0x000007fefe040000 - 0x000007fefe0a7000 	C:\Windows\system32\GDI32.dll
0x000007feff030000 - 0x000007feff03e000 	C:\Windows\system32\LPK.dll
0x000007feff280000 - 0x000007feff349000 	C:\Windows\system32\USP10.dll
0x000007fefc270000 - 0x000007fefc464000 	C:\Windows\WinSxS\amd64_microsoft.windows.common-controls_6595b64144ccf1df_6.0.7601.17514_none_fa396087175ac9ac\COMCTL32.dll
0x000007fefdf40000 - 0x000007fefdfb1000 	C:\Windows\system32\SHLWAPI.dll
0x000007fefdf10000 - 0x000007fefdf3e000 	C:\Windows\system32\IMM32.DLL
0x000007feff350000 - 0x000007feff459000 	C:\Windows\system32\MSCTF.dll
0x000000006d5e0000 - 0x000000006d6b1000 	C:\Program Files\Java\jre7\bin\msvcr100.dll
0x00000000685e0000 - 0x0000000068d01000 	C:\Program Files\Java\jre7\bin\server\jvm.dll
0x000007fefc750000 - 0x000007fefc759000 	C:\Windows\system32\WSOCK32.dll
0x000007feff940000 - 0x000007feff98d000 	C:\Windows\system32\WS2_32.dll
0x000007feff670000 - 0x000007feff678000 	C:\Windows\system32\NSI.dll
0x000007fef9560000 - 0x000007fef959b000 	C:\Windows\system32\WINMM.dll
0x00000000778b0000 - 0x00000000778b7000 	C:\Windows\system32\PSAPI.DLL
0x000000006df20000 - 0x000000006df2f000 	C:\Program Files\Java\jre7\bin\verify.dll
0x000000006d5b0000 - 0x000000006d5d8000 	C:\Program Files\Java\jre7\bin\java.dll
0x000000006d590000 - 0x000000006d5a5000 	C:\Program Files\Java\jre7\bin\zip.dll
0x000000006a8b0000 - 0x000000006aa43000 	C:\Program Files\Java\jre7\bin\awt.dll
0x000007feff680000 - 0x000007feff757000 	C:\Windows\system32\OLEAUT32.dll
0x000007feff460000 - 0x000007feff663000 	C:\Windows\system32\ole32.dll
0x000007fefbbd0000 - 0x000007fefbbe8000 	C:\Windows\system32\DWMAPI.DLL
0x000007fefc1c0000 - 0x000007fefc216000 	C:\Windows\system32\uxtheme.dll
0x000007fefda70000 - 0x000007fefda7f000 	C:\Windows\system32\CRYPTBASE.dll
0x000007fefe0b0000 - 0x000007fefee38000 	C:\Windows\system32\SHELL32.dll
0x000000006a870000 - 0x000000006a8ae000 	C:\Program Files\Java\jre7\bin\fontmanager.dll
0x000007feff0e0000 - 0x000007feff179000 	C:\Windows\system32\CLBCatQ.DLL
0x000000006d570000 - 0x000000006d589000 	C:\Program Files\Java\jre7\bin\net.dll
0x000007fefd3b0000 - 0x000007fefd405000 	C:\Windows\system32\mswsock.dll
0x000007fefd3a0000 - 0x000007fefd3a7000 	C:\Windows\System32\wship6.dll
0x000000006d550000 - 0x000000006d561000 	C:\Program Files\Java\jre7\bin\nio.dll
0x000000006a820000 - 0x000000006a861000 	C:\Program Files\Java\jre7\bin\t2k.dll
0x000007fef8780000 - 0x000007fef88a5000 	C:\Windows\system32\dbghelp.dll

VM Arguments:
jvm_args: -Dfile.encoding=Cp1252 
java_command: test.visual.PSOAnimationTester
Launcher Type: SUN_STANDARD

Environment Variables:
PATH=C:\Program Files (x86)\Haskell\bin;C:\Program Files (x86)\Haskell Platform\2012.4.0.0\lib\extralibs\bin;C:\Program Files (x86)\Haskell Platform\2012.4.0.0\bin;C:\Windows\system32;C:\Windows;C:\Windows\System32\Wbem;C:\Windows\System32\WindowsPowerShell\v1.0\;C:\Program Files (x86)\Haskell Platform\2012.4.0.0\mingw\bin;C:\Program Files (x86)\MiKTeX 2.9\miktex\bin\;C:\Program Files\TortoiseSVN\bin;C:\Program Files\Java\jdk1.7.0_21\bin;C:\Users\Tom\AppData\Roaming\cabal\bin
USERNAME=Tom
OS=Windows_NT
PROCESSOR_IDENTIFIER=Intel64 Family 6 Model 42 Stepping 7, GenuineIntel



---------------  S Y S T E M  ---------------

OS: Windows 7 , 64 bit Build 7601 Service Pack 1

CPU:total 4 (2 cores per cpu, 2 threads per core) family 6 model 42 stepping 7, cmov, cx8, fxsr, mmx, sse, sse2, sse3, ssse3, sse4.1, sse4.2, popcnt, avx, ht, tsc, tscinvbit

Memory: 4k page, physical 3967196k(1524248k free), swap 7932532k(4528336k free)

vm_info: Java HotSpot(TM) 64-Bit Server VM (23.21-b01) for windows-amd64 JRE (1.7.0_21-b11), built on Apr  4 2013 08:11:28 by "java_re" with unknown MS VC++:1600

time: Tue Feb 25 19:11:02 2014
elapsed time: 9 seconds

