#
# A fatal error has been detected by the Java Runtime Environment:
#
#  EXCEPTION_ACCESS_VIOLATION (0xc0000005) at pc=0x000000006720a018, pid=1528, tid=4896
#
# JRE version: 7.0_21-b11
# Java VM: Java HotSpot(TM) 64-Bit Server VM (23.21-b01 mixed mode windows-amd64 compressed oops)
# Problematic frame:
# V  [jvm.dll+0xca018]
#
# Failed to write core dump. Minidumps are not enabled by default on client versions of Windows
#
# If you would like to submit a bug report, please visit:
#   http://bugreport.sun.com/bugreport/crash.jsp
#

---------------  T H R E A D  ---------------

Current thread (0x0000000001de5000):  GCTaskThread [stack: 0x0000000005560000,0x0000000005660000] [id=4896]

siginfo: ExceptionCode=0xc0000005, reading address 0x0000000046c4e087

Registers:
RAX=0x0000000046c4e06f, RBX=0x00000000d0a6da80, RCX=0x0000000000000000, RDX=0x1084210842108421
RSP=0x000000000565fc40, RBP=0x00000000e9651fc0, RSI=0x0000000001e8b9f0, RDI=0x0000000001e8b9f0
R8 =0x0000000000000010, R9 =0x0000000000000000, R10=0x0000000000000000, R11=0x000000000000000c
R12=0x00000000e9651fc4, R13=0x00000000be675ff0, R14=0x00000000be675ff8, R15=0x00000000e9651fb0
RIP=0x000000006720a018, EFLAGS=0x0000000000010206

Top of Stack: (sp=0x000000000565fc40)
0x000000000565fc40:   00000000be675d20 0000000067499cb9
0x000000000565fc50:   00000000c3600000 00000000672f7512
0x000000000565fc60:   0000000000000000 0000000001de5930
0x000000000565fc70:   0000000001de27b0 000239a20000eebf
0x000000000565fc80:   000000000000f0b9 000000006749a7ac
0x000000000565fc90:   0000000001e8b9f0 00000000e9651fb0
0x000000000565fca0:   0000000001e8b9f0 0000000067698910
0x000000000565fcb0:   000239a20000eebf 000190210000e7b4
0x000000000565fcc0:   00000000c3600000 0000000001534400
0x000000000565fcd0:   0000000008bf88d8 00000000672f7512
0x000000000565fce0:   0000000001de5000 0000000001de27b0
0x000000000565fcf0:   0000000001de5940 0000000001de5930
0x000000000565fd00:   0000000067698910 0000000000000001
0x000000000565fd10:   0000000001e1a300 0000000000000000
0x000000000565fd20:   0000000001e8b9f0 000000006749854e
0x000000000565fd30:   000239a10000eebf 000239a20000eebf 

Instructions: (pc=0x000000006720a018)
0x0000000067209ff8:   82 55 01 00 00 80 3d 74 3d 5e 00 00 74 0e 8b 43
0x000000006720a008:   08 41 8b c9 48 d3 e0 49 03 c2 eb 04 48 8b 43 08
0x000000006720a018:   44 8b 40 18 48 8d 48 10 45 85 c0 7e 0c 41 f6 c0
0x000000006720a028:   01 75 50 41 c1 f8 03 eb 59 79 48 80 3d 3e 3d 5e 


Register to memory mapping:

RAX=0x0000000046c4e06f is an unknown value
RBX=0x00000000d0a6da80 is an oop
disjointset.Node 
 - klass: 'disjointset/Node'
RCX=0x0000000000000000 is an unknown value
RDX=0x1084210842108421 is an unknown value
RSP=0x000000000565fc40 is an unknown value
RBP=0x00000000e9651fc0 is an oop
steiner.Edge 
 - klass: 'steiner/Edge'
RSI=0x0000000001e8b9f0 is an unknown value
RDI=0x0000000001e8b9f0 is an unknown value
R8 =0x0000000000000010 is an unknown value
R9 =0x0000000000000000 is an unknown value
R10=0x0000000000000000 is an unknown value
R11=0x000000000000000c is an unknown value
R12=0x00000000e9651fc4 is an oop
steiner.Edge 
 - klass: 'steiner/Edge'
R13=0x00000000be675ff0 is an oop
{instance class} 
 - klass: {other class}
R14=0x00000000be675ff8 is an oop
{object array class} 
 - klass: {other class}
R15=0x00000000e9651fb0 is an oop
steiner.Edge 
 - klass: 'steiner/Edge'


Stack: [0x0000000005560000,0x0000000005660000],  sp=0x000000000565fc40,  free space=1023k
Native frames: (J=compiled Java code, j=interpreted, Vv=VM code, C=native code)
V  [jvm.dll+0xca018]


---------------  P R O C E S S  ---------------

Java Threads: ( => current thread )
  0x00000000085e4000 JavaThread "Service Thread" daemon [_thread_blocked, id=2196, stack(0x000000000a060000,0x000000000a160000)]
  0x00000000085db800 JavaThread "C2 CompilerThread1" daemon [_thread_blocked, id=3912, stack(0x0000000009e80000,0x0000000009f80000)]
  0x00000000085da000 JavaThread "C2 CompilerThread0" daemon [_thread_blocked, id=2884, stack(0x0000000009d30000,0x0000000009e30000)]
  0x00000000085d8000 JavaThread "Attach Listener" daemon [_thread_blocked, id=4384, stack(0x0000000009ba0000,0x0000000009ca0000)]
  0x00000000085d1000 JavaThread "Signal Dispatcher" daemon [_thread_blocked, id=4000, stack(0x0000000009a90000,0x0000000009b90000)]
  0x0000000001e98800 JavaThread "Finalizer" daemon [_thread_blocked, id=1320, stack(0x00000000098c0000,0x00000000099c0000)]
  0x0000000001e91800 JavaThread "Reference Handler" daemon [_thread_blocked, id=4012, stack(0x0000000009740000,0x0000000009840000)]
  0x000000000036c800 JavaThread "main" [_thread_blocked, id=4748, stack(0x0000000001f00000,0x0000000002000000)]

Other Threads:
  0x0000000008553000 VMThread [stack: 0x0000000009580000,0x0000000009680000] [id=4288]
  0x00000000085ef000 WatcherThread [stack: 0x000000000a180000,0x000000000a280000] [id=2008]

=>0x0000000001de5000 (exited) GCTaskThread [stack: 0x0000000005560000,0x0000000005660000] [id=4896]

VM state:at safepoint (normal execution)

VM Mutex/Monitor currently owned by a thread:  ([mutex/lock_event])
[0x000000000036a800] Threads_lock - owner thread: 0x0000000008553000
[0x000000000036ad00] Heap_lock - owner thread: 0x000000000036c800

Heap
 PSYoungGen      total 195392K, used 119404K [0x00000000ebcb0000, 0x0000000100000000, 0x0000000100000000)
  eden space 85056K, 100% used [0x00000000ebcb0000,0x00000000f0fc0000,0x00000000f0fc0000)
  from space 110336K, 31% used [0x00000000f0fc0000,0x00000000f314b080,0x00000000f7b80000)
  to   space 110336K, 0% used [0x00000000f9440000,0x00000000f9440000,0x0000000100000000)
 ParOldGen       total 662208K, used 662206K [0x00000000c3600000, 0x00000000ebcb0000, 0x00000000ebcb0000)
  object space 662208K, 99% used [0x00000000c3600000,0x00000000ebcafa70,0x00000000ebcb0000)
 PSPermGen       total 21248K, used 2525K [0x00000000be400000, 0x00000000bf8c0000, 0x00000000c3600000)
  object space 21248K, 11% used [0x00000000be400000,0x00000000be677548,0x00000000bf8c0000)

Card table byte_map: [0x00000000050c0000,0x00000000052d0000] byte_map_base: 0x0000000004ace000

Polling page: 0x0000000000300000

Code Cache  [0x0000000002000000, 0x0000000002270000, 0x0000000005000000)
 total_blobs=222 nmethods=40 adapters=134 free_code_cache=48700Kb largest_free_block=49848192

Compilation events (10 events):
Event: 0.600 Thread 0x00000000085db800 nmethod 34 0x0000000002070150 code [0x0000000002070280, 0x0000000002070318]
Event: 0.600 Thread 0x00000000085db800   36             basic.Point::getY (5 bytes)
Event: 0.600 Thread 0x00000000085da000 nmethod 35 0x000000000206ff50 code [0x0000000002070080, 0x00000000020700d8]
Event: 0.600 Thread 0x00000000085da000   37             disjointset.Node::<init> (17 bytes)
Event: 0.600 Thread 0x00000000085db800 nmethod 36 0x000000000206fd50 code [0x000000000206fe80, 0x000000000206fed8]
Event: 0.600 Thread 0x00000000085da000 nmethod 37 0x000000000206fb50 code [0x000000000206fc80, 0x000000000206fcf8]
Event: 1.429 Thread 0x00000000085da000    2 %           kruskall.KruskallMethods::getAllEdges @ 34 (80 bytes)
Event: 1.429 Thread 0x00000000085db800   38             steiner.Edge::<init> (15 bytes)
Event: 1.429 Thread 0x00000000085db800 nmethod 38 0x000000000206f950 code [0x000000000206fa80, 0x000000000206faf8]
Event: 1.496 Thread 0x00000000085da000 nmethod 2% 0x000000000206ef90 code [0x000000000206f100, 0x000000000206f5d8]

GC Heap History (10 events):
Event: 42.314 GC heap after
Heap after GC invocations=18 (full 7):
 PSYoungGen      total 195392K, used 119416K [0x00000000ebcb0000, 0x0000000100000000, 0x0000000100000000)
  eden space 85056K, 99% used [0x00000000ebcb0000,0x00000000f0fbffe8,0x00000000f0fc0000)
  from space 110336K, 31% used [0x00000000f0fc0000,0x00000000f314e080,0x00000000f7b80000)
  to   space 110336K, 0% used [0x00000000f9440000,0x00000000f9440000,0x0000000100000000)
 ParOldGen       total 662208K, used 662205K [0x00000000c3600000, 0x00000000ebcb0000, 0x00000000ebcb0000)
  object space 662208K, 99% used [0x00000000c3600000,0x00000000ebcaf740,0x00000000ebcb0000)
 PSPermGen       total 21248K, used 2525K [0x00000000be400000, 0x00000000bf8c0000, 0x00000000c3600000)
  object space 21248K, 11% used [0x00000000be400000,0x00000000be677548,0x00000000bf8c0000)
}
Event: 42.314 GC heap before
{Heap before GC invocations=19 (full 8):
 PSYoungGen      total 195392K, used 119416K [0x00000000ebcb0000, 0x0000000100000000, 0x0000000100000000)
  eden space 85056K, 100% used [0x00000000ebcb0000,0x00000000f0fc0000,0x00000000f0fc0000)
  from space 110336K, 31% used [0x00000000f0fc0000,0x00000000f314e080,0x00000000f7b80000)
  to   space 110336K, 0% used [0x00000000f9440000,0x00000000f9440000,0x0000000100000000)
 ParOldGen       total 662208K, used 662205K [0x00000000c3600000, 0x00000000ebcb0000, 0x00000000ebcb0000)
  object space 662208K, 99% used [0x00000000c3600000,0x00000000ebcaf740,0x00000000ebcb0000)
 PSPermGen       total 21248K, used 2525K [0x00000000be400000, 0x00000000bf8c0000, 0x00000000c3600000)
  object space 21248K, 11% used [0x00000000be400000,0x00000000be677548,0x00000000bf8c0000)
Event: 47.132 GC heap after
Heap after GC invocations=19 (full 8):
 PSYoungGen      total 195392K, used 119416K [0x00000000ebcb0000, 0x0000000100000000, 0x0000000100000000)
  eden space 85056K, 100% used [0x00000000ebcb0000,0x00000000f0fc0000,0x00000000f0fc0000)
  from space 110336K, 31% used [0x00000000f0fc0000,0x00000000f314e080,0x00000000f7b80000)
  to   space 110336K, 0% used [0x00000000f9440000,0x00000000f9440000,0x0000000100000000)
 ParOldGen       total 662208K, used 662205K [0x00000000c3600000, 0x00000000ebcb0000, 0x00000000ebcb0000)
  object space 662208K, 99% used [0x00000000c3600000,0x00000000ebcaf740,0x00000000ebcb0000)
 PSPermGen       total 21248K, used 2525K [0x00000000be400000, 0x00000000bf8c0000, 0x00000000c3600000)
  object space 21248K, 11% used [0x00000000be400000,0x00000000be677548,0x00000000bf8c0000)
}
Event: 47.132 GC heap before
{Heap before GC invocations=20 (full 9):
 PSYoungGen      total 195392K, used 119416K [0x00000000ebcb0000, 0x0000000100000000, 0x0000000100000000)
  eden space 85056K, 100% used [0x00000000ebcb0000,0x00000000f0fc0000,0x00000000f0fc0000)
  from space 110336K, 31% used [0x00000000f0fc0000,0x00000000f314e080,0x00000000f7b80000)
  to   space 110336K, 0% used [0x00000000f9440000,0x00000000f9440000,0x0000000100000000)
 ParOldGen       total 662208K, used 662207K [0x00000000c3600000, 0x00000000ebcb0000, 0x00000000ebcb0000)
  object space 662208K, 99% used [0x00000000c3600000,0x00000000ebcafd40,0x00000000ebcb0000)
 PSPermGen       total 21248K, used 2525K [0x00000000be400000, 0x00000000bf8c0000, 0x00000000c3600000)
  object space 21248K, 11% used [0x00000000be400000,0x00000000be677548,0x00000000bf8c0000)
Event: 51.980 GC heap after
Heap after GC invocations=20 (full 9):
 PSYoungGen      total 195392K, used 119416K [0x00000000ebcb0000, 0x0000000100000000, 0x0000000100000000)
  eden space 85056K, 100% used [0x00000000ebcb0000,0x00000000f0fc0000,0x00000000f0fc0000)
  from space 110336K, 31% used [0x00000000f0fc0000,0x00000000f314e080,0x00000000f7b80000)
  to   space 110336K, 0% used [0x00000000f9440000,0x00000000f9440000,0x0000000100000000)
 ParOldGen       total 662208K, used 662207K [0x00000000c3600000, 0x00000000ebcb0000, 0x00000000ebcb0000)
  object space 662208K, 99% used [0x00000000c3600000,0x00000000ebcafd40,0x00000000ebcb0000)
 PSPermGen       total 21248K, used 2525K [0x00000000be400000, 0x00000000bf8c0000, 0x00000000c3600000)
  object space 21248K, 11% used [0x00000000be400000,0x00000000be677548,0x00000000bf8c0000)
}
Event: 51.980 GC heap before
{Heap before GC invocations=21 (full 10):
 PSYoungGen      total 195392K, used 119416K [0x00000000ebcb0000, 0x0000000100000000, 0x0000000100000000)
  eden space 85056K, 100% used [0x00000000ebcb0000,0x00000000f0fc0000,0x00000000f0fc0000)
  from space 110336K, 31% used [0x00000000f0fc0000,0x00000000f314e080,0x00000000f7b80000)
  to   space 110336K, 0% used [0x00000000f9440000,0x00000000f9440000,0x0000000100000000)
 ParOldGen       total 662208K, used 662207K [0x00000000c3600000, 0x00000000ebcb0000, 0x00000000ebcb0000)
  object space 662208K, 99% used [0x00000000c3600000,0x00000000ebcafff8,0x00000000ebcb0000)
 PSPermGen       total 21248K, used 2525K [0x00000000be400000, 0x00000000bf8c0000, 0x00000000c3600000)
  object space 21248K, 11% used [0x00000000be400000,0x00000000be677548,0x00000000bf8c0000)
Event: 56.778 GC heap after
Heap after GC invocations=21 (full 10):
 PSYoungGen      total 195392K, used 119416K [0x00000000ebcb0000, 0x0000000100000000, 0x0000000100000000)
  eden space 85056K, 100% used [0x00000000ebcb0000,0x00000000f0fc0000,0x00000000f0fc0000)
  from space 110336K, 31% used [0x00000000f0fc0000,0x00000000f314e080,0x00000000f7b80000)
  to   space 110336K, 0% used [0x00000000f9440000,0x00000000f9440000,0x0000000100000000)
 ParOldGen       total 662208K, used 662207K [0x00000000c3600000, 0x00000000ebcb0000, 0x00000000ebcb0000)
  object space 662208K, 99% used [0x00000000c3600000,0x00000000ebcafff8,0x00000000ebcb0000)
 PSPermGen       total 21248K, used 2525K [0x00000000be400000, 0x00000000bf8c0000, 0x00000000c3600000)
  object space 21248K, 11% used [0x00000000be400000,0x00000000be677548,0x00000000bf8c0000)
}
Event: 56.778 GC heap before
{Heap before GC invocations=22 (full 11):
 PSYoungGen      total 195392K, used 119416K [0x00000000ebcb0000, 0x0000000100000000, 0x0000000100000000)
  eden space 85056K, 100% used [0x00000000ebcb0000,0x00000000f0fc0000,0x00000000f0fc0000)
  from space 110336K, 31% used [0x00000000f0fc0000,0x00000000f314e080,0x00000000f7b80000)
  to   space 110336K, 0% used [0x00000000f9440000,0x00000000f9440000,0x0000000100000000)
 ParOldGen       total 662208K, used 662207K [0x00000000c3600000, 0x00000000ebcb0000, 0x00000000ebcb0000)
  object space 662208K, 99% used [0x00000000c3600000,0x00000000ebcafff8,0x00000000ebcb0000)
 PSPermGen       total 21248K, used 2525K [0x00000000be400000, 0x00000000bf8c0000, 0x00000000c3600000)
  object space 21248K, 11% used [0x00000000be400000,0x00000000be677548,0x00000000bf8c0000)
Event: 61.826 GC heap after
Heap after GC invocations=22 (full 11):
 PSYoungGen      total 195392K, used 119404K [0x00000000ebcb0000, 0x0000000100000000, 0x0000000100000000)
  eden space 85056K, 100% used [0x00000000ebcb0000,0x00000000f0fc0000,0x00000000f0fc0000)
  from space 110336K, 31% used [0x00000000f0fc0000,0x00000000f314b080,0x00000000f7b80000)
  to   space 110336K, 0% used [0x00000000f9440000,0x00000000f9440000,0x0000000100000000)
 ParOldGen       total 662208K, used 662205K [0x00000000c3600000, 0x00000000ebcb0000, 0x00000000ebcb0000)
  object space 662208K, 99% used [0x00000000c3600000,0x00000000ebcaf728,0x00000000ebcb0000)
 PSPermGen       total 21248K, used 2525K [0x00000000be400000, 0x00000000bf8c0000, 0x00000000c3600000)
  object space 21248K, 11% used [0x00000000be400000,0x00000000be677548,0x00000000bf8c0000)
}
Event: 61.826 GC heap before
{Heap before GC invocations=23 (full 12):
 PSYoungGen      total 195392K, used 119404K [0x00000000ebcb0000, 0x0000000100000000, 0x0000000100000000)
  eden space 85056K, 100% used [0x00000000ebcb0000,0x00000000f0fc0000,0x00000000f0fc0000)
  from space 110336K, 31% used [0x00000000f0fc0000,0x00000000f314b080,0x00000000f7b80000)
  to   space 110336K, 0% used [0x00000000f9440000,0x00000000f9440000,0x0000000100000000)
 ParOldGen       total 662208K, used 662206K [0x00000000c3600000, 0x00000000ebcb0000, 0x00000000ebcb0000)
  object space 662208K, 99% used [0x00000000c3600000,0x00000000ebcafa70,0x00000000ebcb0000)
 PSPermGen       total 21248K, used 2525K [0x00000000be400000, 0x00000000bf8c0000, 0x00000000c3600000)
  object space 21248K, 11% used [0x00000000be400000,0x00000000be677548,0x00000000bf8c0000)

Deoptimization events (4 events):
Event: 0.431 Thread 0x000000000036c800 Uncommon trap -42 fr.pc 0x000000000206b604
Event: 0.434 Thread 0x000000000036c800 Uncommon trap -42 fr.pc 0x000000000206b604
Event: 0.434 Thread 0x000000000036c800 Uncommon trap -42 fr.pc 0x000000000206b604
Event: 0.434 Thread 0x000000000036c800 Uncommon trap -42 fr.pc 0x000000000206b604

Internal exceptions (10 events):
Event: 0.170 Thread 0x000000000036c800 Threw 0x00000000ebd04ad0 at C:\jdk7u2_64p\jdk7u21\hotspot\src\share\vm\prims\jvm.cpp:1166
Event: 0.170 Thread 0x000000000036c800 Threw 0x00000000ebd061c8 at C:\jdk7u2_64p\jdk7u21\hotspot\src\share\vm\prims\jvm.cpp:1166
Event: 0.191 Thread 0x000000000036c800 Threw 0x00000000ebd11140 at C:\jdk7u2_64p\jdk7u21\hotspot\src\share\vm\prims\jvm.cpp:1166
Event: 0.580 Thread 0x000000000036c800 Threw 0x00000000ec326520 at C:\jdk7u2_64p\jdk7u21\hotspot\src\share\vm\prims\jvm.cpp:1166
Event: 0.581 Thread 0x000000000036c800 Threw 0x00000000ec327c78 at C:\jdk7u2_64p\jdk7u21\hotspot\src\share\vm\prims\jvm.cpp:1166
Event: 0.584 Thread 0x000000000036c800 Threw 0x00000000ec32a228 at C:\jdk7u2_64p\jdk7u21\hotspot\src\share\vm\prims\jvm.cpp:1166
Event: 0.594 Thread 0x000000000036c800 Threw 0x00000000ec32c618 at C:\jdk7u2_64p\jdk7u21\hotspot\src\share\vm\prims\jvm.cpp:1166
Event: 0.594 Thread 0x000000000036c800 Threw 0x00000000ec32e4f8 at C:\jdk7u2_64p\jdk7u21\hotspot\src\share\vm\prims\jvm.cpp:1166
Event: 0.595 Thread 0x000000000036c800 Threw 0x00000000ec32fb50 at C:\jdk7u2_64p\jdk7u21\hotspot\src\share\vm\prims\jvm.cpp:1166
Event: 0.599 Thread 0x000000000036c800 Threw 0x00000000ec39c918 at C:\jdk7u2_64p\jdk7u21\hotspot\src\share\vm\prims\jvm.cpp:1166

Events (10 events):
Event: 37.294 Executing VM operation: ParallelGCFailedAllocation done
Event: 37.294 Executing VM operation: ParallelGCFailedAllocation
Event: 42.314 Executing VM operation: ParallelGCFailedAllocation done
Event: 42.314 Executing VM operation: ParallelGCFailedAllocation
Event: 47.132 Executing VM operation: ParallelGCFailedAllocation done
Event: 47.132 Executing VM operation: ParallelGCFailedAllocation
Event: 51.980 Executing VM operation: ParallelGCFailedAllocation done
Event: 51.980 Executing VM operation: ParallelGCFailedAllocation
Event: 61.826 Executing VM operation: ParallelGCFailedAllocation done
Event: 61.826 Executing VM operation: ParallelGCFailedAllocation


Dynamic libraries:
0x000000013f350000 - 0x000000013f383000 	C:\Program Files\Java\jre7\bin\javaw.exe
0x0000000077230000 - 0x00000000773d9000 	C:\Windows\SYSTEM32\ntdll.dll
0x0000000076db0000 - 0x0000000076ecf000 	C:\Windows\system32\kernel32.dll
0x000007fefd990000 - 0x000007fefd9fb000 	C:\Windows\system32\KERNELBASE.dll
0x000007fefded0000 - 0x000007fefdfab000 	C:\Windows\system32\ADVAPI32.dll
0x000007fefe0b0000 - 0x000007fefe14f000 	C:\Windows\system32\msvcrt.dll
0x000007feff500000 - 0x000007feff51f000 	C:\Windows\SYSTEM32\sechost.dll
0x000007fefe610000 - 0x000007fefe73d000 	C:\Windows\system32\RPCRT4.dll
0x0000000076b50000 - 0x0000000076c4a000 	C:\Windows\system32\USER32.dll
0x000007fefe320000 - 0x000007fefe387000 	C:\Windows\system32\GDI32.dll
0x000007fefe0a0000 - 0x000007fefe0ae000 	C:\Windows\system32\LPK.dll
0x000007fefe250000 - 0x000007fefe319000 	C:\Windows\system32\USP10.dll
0x000007fefcce0000 - 0x000007fefced4000 	C:\Windows\WinSxS\amd64_microsoft.windows.common-controls_6595b64144ccf1df_6.0.7601.17514_none_fa396087175ac9ac\COMCTL32.dll
0x000007fefe150000 - 0x000007fefe1c1000 	C:\Windows\system32\SHLWAPI.dll
0x000007feff4d0000 - 0x000007feff4fe000 	C:\Windows\system32\IMM32.DLL
0x000007fefdd60000 - 0x000007fefde69000 	C:\Windows\system32\MSCTF.dll
0x000000006a770000 - 0x000000006a841000 	C:\Program Files\Java\jre7\bin\msvcr100.dll
0x0000000067140000 - 0x0000000067861000 	C:\Program Files\Java\jre7\bin\server\jvm.dll
0x000007fefbc10000 - 0x000007fefbc19000 	C:\Windows\system32\WSOCK32.dll
0x000007fefdfb0000 - 0x000007fefdffd000 	C:\Windows\system32\WS2_32.dll
0x000007fefdd50000 - 0x000007fefdd58000 	C:\Windows\system32\NSI.dll
0x000007fefc580000 - 0x000007fefc5bb000 	C:\Windows\system32\WINMM.dll
0x00000000773f0000 - 0x00000000773f7000 	C:\Windows\system32\PSAPI.DLL
0x000000006a920000 - 0x000000006a92f000 	C:\Program Files\Java\jre7\bin\verify.dll
0x000000006a8f0000 - 0x000000006a918000 	C:\Program Files\Java\jre7\bin\java.dll
0x000000006a8d0000 - 0x000000006a8e5000 	C:\Program Files\Java\jre7\bin\zip.dll
0x000007fef7f40000 - 0x000007fef8065000 	C:\Windows\system32\dbghelp.dll

VM Arguments:
jvm_args: -Dfile.encoding=Cp1252 
java_command: execute.PMSOvsMSTH
Launcher Type: SUN_STANDARD

Environment Variables:
PATH=C:\Program Files (x86)\Haskell\bin;C:\Program Files (x86)\Haskell Platform\2012.4.0.0\lib\extralibs\bin;C:\Program Files (x86)\Haskell Platform\2012.4.0.0\bin;C:\Windows\system32;C:\Windows;C:\Windows\System32\Wbem;C:\Windows\System32\WindowsPowerShell\v1.0\;C:\Program Files (x86)\Haskell Platform\2012.4.0.0\mingw\bin;C:\Program Files (x86)\MiKTeX 2.9\miktex\bin\;C:\Program Files\TortoiseSVN\bin;C:\Program Files\Java\jdk1.7.0_21\bin;C:\Users\Tom\AppData\Roaming\cabal\bin
USERNAME=Tom
OS=Windows_NT
PROCESSOR_IDENTIFIER=Intel64 Family 6 Model 42 Stepping 7, GenuineIntel



---------------  S Y S T E M  ---------------

OS: Windows 7 , 64 bit Build 7601 Service Pack 1

CPU:total 4 (2 cores per cpu, 2 threads per core) family 6 model 42 stepping 7, cmov, cx8, fxsr, mmx, sse, sse2, sse3, ssse3, sse4.1, sse4.2, popcnt, avx, ht, tsc, tscinvbit

Memory: 4k page, physical 3967196k(852352k free), swap 7932532k(3919608k free)

vm_info: Java HotSpot(TM) 64-Bit Server VM (23.21-b01) for windows-amd64 JRE (1.7.0_21-b11), built on Apr  4 2013 08:11:28 by "java_re" with unknown MS VC++:1600

time: Thu Mar 20 17:56:49 2014
elapsed time: 65 seconds

